{"C:\\Users\\hp\\OneDrive\\Desktop\\Microverse\\week 7\\JS-Testing\\calculator.js": {"path":"C:\\Users\\hp\\OneDrive\\Desktop\\Microverse\\week 7\\JS-Testing\\calculator.js","statementMap":{"0":{"start":{"line":1,"column":12},"end":{"line":1,"column":51}},"1":{"start":{"line":1,"column":34},"end":{"line":1,"column":51}},"2":{"start":{"line":3,"column":19},"end":{"line":3,"column":64}},"3":{"start":{"line":3,"column":44},"end":{"line":3,"column":64}},"4":{"start":{"line":5,"column":16},"end":{"line":5,"column":71}},"5":{"start":{"line":5,"column":46},"end":{"line":5,"column":71}},"6":{"start":{"line":7,"column":15},"end":{"line":7,"column":34}},"7":{"start":{"line":7,"column":27},"end":{"line":7,"column":34}},"8":{"start":{"line":9,"column":12},"end":{"line":14,"column":1}},"9":{"start":{"line":16,"column":0},"end":{"line":16,"column":20}}},"fnMap":{"0":{"name":"(anonymous_0)","decl":{"start":{"line":1,"column":12},"end":{"line":1,"column":13}},"loc":{"start":{"line":1,"column":34},"end":{"line":1,"column":51}},"line":1},"1":{"name":"(anonymous_1)","decl":{"start":{"line":3,"column":19},"end":{"line":3,"column":20}},"loc":{"start":{"line":3,"column":44},"end":{"line":3,"column":64}},"line":3},"2":{"name":"(anonymous_2)","decl":{"start":{"line":5,"column":16},"end":{"line":5,"column":17}},"loc":{"start":{"line":5,"column":46},"end":{"line":5,"column":71}},"line":5},"3":{"name":"(anonymous_3)","decl":{"start":{"line":7,"column":15},"end":{"line":7,"column":16}},"loc":{"start":{"line":7,"column":27},"end":{"line":7,"column":34}},"line":7}},"branchMap":{},"s":{"0":1,"1":1,"2":1,"3":1,"4":1,"5":1,"6":1,"7":1,"8":1,"9":1},"f":{"0":1,"1":1,"2":1,"3":1},"b":{},"_coverageSchema":"1a1c01bbd47fc00a2c39e90264f33305004495a9","hash":"472aa50db5d9b30ab89cd5979c79e08705761913"}
,"C:\\Users\\hp\\OneDrive\\Desktop\\Microverse\\week 7\\JS-Testing\\capital.js": {"path":"C:\\Users\\hp\\OneDrive\\Desktop\\Microverse\\week 7\\JS-Testing\\capital.js","statementMap":{"0":{"start":{"line":2,"column":16},"end":{"line":2,"column":30}},"1":{"start":{"line":7,"column":0},"end":{"line":10,"column":1}},"2":{"start":{"line":7,"column":13},"end":{"line":7,"column":14}},"3":{"start":{"line":8,"column":4},"end":{"line":8,"column":62}},"4":{"start":{"line":14,"column":13},"end":{"line":14,"column":26}},"5":{"start":{"line":16,"column":0},"end":{"line":16,"column":12}},"6":{"start":{"line":19,"column":0},"end":{"line":19,"column":24}}},"fnMap":{"0":{"name":"capital","decl":{"start":{"line":1,"column":9},"end":{"line":1,"column":16}},"loc":{"start":{"line":1,"column":21},"end":{"line":17,"column":1}},"line":1}},"branchMap":{},"s":{"0":1,"1":1,"2":1,"3":1,"4":1,"5":1,"6":1},"f":{"0":1},"b":{},"_coverageSchema":"1a1c01bbd47fc00a2c39e90264f33305004495a9","hash":"5a0df5f7c0f23badf8e34373c283c22867b7ab1d"}
,"C:\\Users\\hp\\OneDrive\\Desktop\\Microverse\\week 7\\JS-Testing\\findLength.js": {"path":"C:\\Users\\hp\\OneDrive\\Desktop\\Microverse\\week 7\\JS-Testing\\findLength.js","statementMap":{"0":{"start":{"line":2,"column":4},"end":{"line":6,"column":5}},"1":{"start":{"line":3,"column":6},"end":{"line":3,"column":27}},"2":{"start":{"line":5,"column":6},"end":{"line":5,"column":57}},"3":{"start":{"line":9,"column":2},"end":{"line":9,"column":31}}},"fnMap":{"0":{"name":"stringLength","decl":{"start":{"line":1,"column":9},"end":{"line":1,"column":21}},"loc":{"start":{"line":1,"column":30},"end":{"line":7,"column":3}},"line":1}},"branchMap":{"0":{"loc":{"start":{"line":2,"column":4},"end":{"line":6,"column":5}},"type":"if","locations":[{"start":{"line":2,"column":4},"end":{"line":6,"column":5}},{"start":{"line":4,"column":9},"end":{"line":6,"column":5}}],"line":2},"1":{"loc":{"start":{"line":2,"column":7},"end":{"line":2,"column":47}},"type":"binary-expr","locations":[{"start":{"line":2,"column":7},"end":{"line":2,"column":24}},{"start":{"line":2,"column":28},"end":{"line":2,"column":47}}],"line":2}},"s":{"0":2,"1":1,"2":1,"3":1},"f":{"0":2},"b":{"0":[1,1],"1":[2,2]},"_coverageSchema":"1a1c01bbd47fc00a2c39e90264f33305004495a9","hash":"8ebff5dc80226db8d450d41c8678f8eee7be399f"}
,"C:\\Users\\hp\\OneDrive\\Desktop\\Microverse\\week 7\\JS-Testing\\reverseString.js": {"path":"C:\\Users\\hp\\OneDrive\\Desktop\\Microverse\\week 7\\JS-Testing\\reverseString.js","statementMap":{"0":{"start":{"line":2,"column":19},"end":{"line":2,"column":35}},"1":{"start":{"line":4,"column":21},"end":{"line":4,"column":39}},"2":{"start":{"line":6,"column":4},"end":{"line":6,"column":31}},"3":{"start":{"line":9,"column":0},"end":{"line":9,"column":30}}},"fnMap":{"0":{"name":"reverseString","decl":{"start":{"line":1,"column":9},"end":{"line":1,"column":22}},"loc":{"start":{"line":1,"column":30},"end":{"line":7,"column":1}},"line":1}},"branchMap":{},"s":{"0":1,"1":1,"2":1,"3":1},"f":{"0":1},"b":{},"_coverageSchema":"1a1c01bbd47fc00a2c39e90264f33305004495a9","hash":"c1d7cb8cf8b5355b43dca21a6c42127323ddf0eb"}
}
