TN:
SF:calculator.js
FN:1,(anonymous_0)
FN:3,(anonymous_1)
FN:5,(anonymous_2)
FN:7,(anonymous_3)
FNF:4
FNH:4
FNDA:1,(anonymous_0)
FNDA:1,(anonymous_1)
FNDA:1,(anonymous_2)
FNDA:1,(anonymous_3)
DA:1,1
DA:3,1
DA:5,1
DA:7,1
DA:9,1
DA:16,1
LF:6
LH:6
BRF:0
BRH:0
end_of_record
TN:
SF:capital.js
FN:1,capital
FNF:1
FNH:1
FNDA:1,capital
DA:2,1
DA:7,1
DA:8,1
DA:14,1
DA:16,1
DA:19,1
LF:6
LH:6
BRF:0
BRH:0
end_of_record
TN:
SF:findLength.js
FN:1,stringLength
FNF:1
FNH:1
FNDA:2,stringLength
DA:2,2
DA:3,1
DA:5,1
DA:9,1
LF:4
LH:4
BRDA:2,0,0,1
BRDA:2,0,1,1
BRDA:2,1,0,2
BRDA:2,1,1,2
BRF:4
BRH:4
end_of_record
TN:
SF:reverseString.js
FN:1,reverseString
FNF:1
FNH:1
FNDA:1,reverseString
DA:2,1
DA:4,1
DA:6,1
DA:9,1
LF:4
LH:4
BRF:0
BRH:0
end_of_record
